\BOOKMARK [1][]{section.0.1}{1\040Introduction}{}% 1
\BOOKMARK [2][]{subsection.0.1.1}{1.1\040Background\040and\040Problem\040Statement}{section.0.1}% 2
\BOOKMARK [2][]{subsection.0.1.2}{1.2\040Our\040work}{section.0.1}% 3
\BOOKMARK [1][]{section.0.2}{2\040Preparation\040of\040the\040Models}{}% 4
\BOOKMARK [2][]{subsection.0.2.1}{2.1\040Assumptions}{section.0.2}% 5
\BOOKMARK [2][]{subsection.0.2.2}{2.2\040Notations}{section.0.2}% 6
\BOOKMARK [1][]{section.0.3}{3\040Task\0401:\040Musical\040Influence\040Network\040Analysis\040Based\040on\040SNA}{}% 7
\BOOKMARK [2][]{subsection.0.3.1}{3.1\040Data\040Processing}{section.0.3}% 8
\BOOKMARK [2][]{subsection.0.3.2}{3.2\040Model\040Overview}{section.0.3}% 9
\BOOKMARK [2][]{subsection.0.3.3}{3.3\040Musical\040Influence\040Network\040Analysis\040Based\040on\040SNA}{section.0.3}% 10
\BOOKMARK [3][]{subsubsection.0.3.3.1}{3.3.1\040Establishment\040of\040Musical\040Influence\040Network\040and\040Analysis\040Using\040SNA}{subsection.0.3.3}% 11
\BOOKMARK [3][]{subsubsection.0.3.3.2}{3.3.2\040Model\040Test\040on\040Musical\040Influence\040Network}{subsection.0.3.3}% 12
\BOOKMARK [2][]{subsection.0.3.4}{3.4\040Analysis\040of\040The\040Result}{section.0.3}% 13
\BOOKMARK [2][]{subsection.0.3.5}{3.5\040Analysis\040of\040Musical\040Influence\040Sub-network}{section.0.3}% 14
\BOOKMARK [1][]{section.0.4}{4\040Task\0402\040&\0403:\040Multi-dimensional\040Music\040Similarity\040Evaluation\040Model}{}% 15
\BOOKMARK [2][]{subsection.0.4.1}{4.1\040Model\040Overview}{section.0.4}% 16
\BOOKMARK [2][]{subsection.0.4.2}{4.2\040Establishment\040of\040Multi-dimensional\040Music\040Similarity\040Evaluation\040Model}{section.0.4}% 17
\BOOKMARK [3][]{subsubsection.0.4.2.1}{4.2.1\040Global\040Similarity\040of\040Music}{subsection.0.4.2}% 18
\BOOKMARK [3][]{subsubsection.0.4.2.2}{4.2.2\040Partial\040Similarity\040of\040Music}{subsection.0.4.2}% 19
\BOOKMARK [3][]{subsubsection.0.4.2.3}{4.2.3\040Fashion\040Trends\040Impact\040Factor}{subsection.0.4.2}% 20
\BOOKMARK [2][]{subsection.0.4.3}{4.3\040Evaluation\040of\040Music\040Similarity}{section.0.4}% 21
\BOOKMARK [2][]{subsection.0.4.4}{4.4\040Analysis\040of\040the\040Musical\040Discrimination\040and\040Influences\040of\040Genres}{section.0.4}% 22
\BOOKMARK [3][]{subsubsection.0.4.4.1}{4.4.1\040Discrimination\040Evaluation\040Model\040of\040Feature\040Combination}{subsection.0.4.4}% 23
\BOOKMARK [3][]{subsubsection.0.4.4.2}{4.4.2\040Analysis\040of\040Genre\040Changes\040Over\040Time}{subsection.0.4.4}% 24
\BOOKMARK [1][]{section.0.5}{5\040Task\0404\040:Long-Short\040Term\040Influence\040Evaluation\040Model\040Based\040on\040Sliding\040Window}{}% 25
\BOOKMARK [2][]{subsection.0.5.1}{5.1\040Establishment\040of\040Sliding\040Window\040Model}{section.0.5}% 26
\BOOKMARK [2][]{subsection.0.5.2}{5.2\040Test\040of\040the\040Established\040Model}{section.0.5}% 27
\BOOKMARK [2][]{subsection.0.5.3}{5.3\040Contagious\040Evaluation\040of\040Musical\040Characteristics}{section.0.5}% 28
\BOOKMARK [1][]{section.0.6}{6\040Task\0405\040&\0406\040&\0407:\040Analysis\040of\040Music\040Revolution\040Over\040Time}{}% 29
\BOOKMARK [2][]{subsection.0.6.1}{6.1\040The\040Identification\040of\040the\040Musical\040revolution}{section.0.6}% 30
\BOOKMARK [2][]{subsection.0.6.2}{6.2\040Major\040Influencers\040of\040Revolution}{section.0.6}% 31
\BOOKMARK [2][]{subsection.0.6.3}{6.3\040Dynamic\040Influencer\040Evaluation\040Indicator}{section.0.6}% 32
\BOOKMARK [2][]{subsection.0.6.4}{6.4\040Influence\040from\040Social,\040Political\040and\040Cultural\040Aspects}{section.0.6}% 33
\BOOKMARK [1][]{section.0.7}{7\040Sensitive\040Analysis}{}% 34
\BOOKMARK [2][]{subsection.0.7.1}{7.1\040Sensitive\040Analysis\040of\040Model\040in\040Task\0402\040}{section.0.7}% 35
\BOOKMARK [2][]{subsection.0.7.2}{7.2\040Sensitive\040Analysis\040of\040Model\040in\040Task\0404\040}{section.0.7}% 36
\BOOKMARK [1][]{section.0.8}{8\040Strengths\040and\040Weaknesses}{}% 37
\BOOKMARK [2][]{subsection.0.8.1}{8.1\040Strengths}{section.0.8}% 38
\BOOKMARK [2][]{subsection.0.8.2}{8.2\040Weaknesses}{section.0.8}% 39
\BOOKMARK [1][]{section.0.9}{References}{}% 40
\BOOKMARK [1][]{section.0.10}{MEMO}{}% 41
